<?xml version="1.0" encoding="UTF-8"?>
<!-- Generated by org.testng.reporters.JUnitReportReporter -->
<testsuite hostname="DESKTOP-CUIQ300" failures="0" tests="1" name="com.webAppSecurities.zeroBank.transferfund.TransferFundAnotherTransactionVerify" time="3.516" errors="0" timestamp="2019-11-16T04:54:23 EET" skipped="0">
  <testcase classname="com.webAppSecurities.zeroBank.transferfund.TransferFundAnotherTransactionVerify" name="transferfundanothertransactionverify" time="3.516"/>
</testsuite> <!-- com.webAppSecurities.zeroBank.transferfund.TransferFundAnotherTransactionVerify -->
