<?xml version="1.0" encoding="UTF-8"?>
<!-- Generated by org.testng.reporters.JUnitReportReporter -->
<testsuite hostname="DESKTOP-CUIQ300" failures="0" tests="1" name="com.webAppSecurities.zeroBank.transferfund.TransferFundVerifyCancel" time="3.245" errors="0" timestamp="2019-11-16T04:54:23 EET" skipped="0">
  <testcase classname="com.webAppSecurities.zeroBank.transferfund.TransferFundVerifyCancel" name="transferfundverifycancel" time="3.245"/>
</testsuite> <!-- com.webAppSecurities.zeroBank.transferfund.TransferFundVerifyCancel -->
