<?xml version="1.0" encoding="UTF-8"?>
<!-- Generated by org.testng.reporters.JUnitReportReporter -->
<testsuite hostname="DESKTOP-CUIQ300" failures="0" tests="1" name="com.webAppSecurities.zeroBank.payBills.AddNewPayeeVerifyPage" time="3.517" errors="0" timestamp="2019-11-16T05:27:55 EET" skipped="0">
  <testcase classname="com.webAppSecurities.zeroBank.payBills.AddNewPayeeVerifyPage" name="addnewpayeeverifypage" time="3.517"/>
</testsuite> <!-- com.webAppSecurities.zeroBank.payBills.AddNewPayeeVerifyPage -->
